2020-10-01 17:25:14.216  INFO 3481 --- [main] c.h.a.c.CustomScannersServiceApplication : Starting CustomScannersServiceApplication on parrot with PID 3481 (/home/nabawi/.vscode/extensions/hcltechnologies.hclappscancodesweep-1.1.1/lib/custom-scanners-service-1.0.8.jar started by nabawi in /home/nabawi/Desktop/github_fork/HacktoberFest-ID)
2020-10-01 17:25:14.230  INFO 3481 --- [main] c.h.a.c.CustomScannersServiceApplication : No active profile set, falling back to default profiles: default
2020-10-01 17:25:19.932  INFO 3481 --- [main] o.s.b.w.embedded.tomcat.TomcatWebServer  : Tomcat initialized with port(s): 9221 (http)
2020-10-01 17:25:19.964  INFO 3481 --- [main] o.apache.catalina.core.StandardService   : Starting service [Tomcat]
2020-10-01 17:25:19.967  INFO 3481 --- [main] org.apache.catalina.core.StandardEngine  : Starting Servlet engine: [Apache Tomcat/9.0.29]
2020-10-01 17:25:20.166  INFO 3481 --- [main] o.a.c.c.C.[Tomcat].[localhost].[/]       : Initializing Spring embedded WebApplicationContext
2020-10-01 17:25:20.168 DEBUG 3481 --- [main] o.s.web.context.ContextLoader            : Published root WebApplicationContext as ServletContext attribute with name [org.springframework.web.context.WebApplicationContext.ROOT]
2020-10-01 17:25:20.170  INFO 3481 --- [main] o.s.web.context.ContextLoader            : Root WebApplicationContext: initialization completed in 5670 ms
2020-10-01 17:25:20.891 DEBUG 3481 --- [main] o.s.b.w.s.ServletContextInitializerBeans : Mapping filters: filterRegistrationBean urls=[/*] order=-2147483647, characterEncodingFilter urls=[/*] order=-2147483648, formContentFilter urls=[/*] order=-9900, requestContextFilter urls=[/*] order=-105
2020-10-01 17:25:20.897 DEBUG 3481 --- [main] o.s.b.w.s.ServletContextInitializerBeans : Mapping servlets: dispatcherServlet urls=[/]
2020-10-01 17:25:26.257 DEBUG 3481 --- [main] s.w.s.m.m.a.RequestMappingHandlerMapping : 19 mappings in 'requestMappingHandlerMapping'
2020-10-01 17:25:26.374  INFO 3481 --- [main] o.s.b.a.e.web.EndpointLinksResolver      : Exposing 2 endpoint(s) beneath base path '/actuator'
2020-10-01 17:25:26.802  INFO 3481 --- [main] pertySourcedRequestMappingHandlerMapping : Mapped URL path [/v2/api-docs] onto method [springfox.documentation.swagger2.web.Swagger2Controller#getDocumentation(String, HttpServletRequest)]
2020-10-01 17:25:27.183  INFO 3481 --- [main] o.s.s.concurrent.ThreadPoolTaskExecutor  : Initializing ExecutorService 'applicationTaskExecutor'
2020-10-01 17:25:27.255 DEBUG 3481 --- [main] s.w.s.m.m.a.RequestMappingHandlerAdapter : ControllerAdvice beans: 0 @ModelAttribute, 0 @InitBinder, 1 RequestBodyAdvice, 1 ResponseBodyAdvice
2020-10-01 17:25:27.610 DEBUG 3481 --- [main] o.s.w.s.handler.SimpleUrlHandlerMapping  : Patterns [/webjars/**, /**] in 'resourceHandlerMapping'
2020-10-01 17:25:27.645 DEBUG 3481 --- [main] .m.m.a.ExceptionHandlerExceptionResolver : ControllerAdvice beans: 1 @ExceptionHandler, 1 ResponseBodyAdvice
2020-10-01 17:25:27.851  INFO 3481 --- [main] d.s.w.p.DocumentationPluginsBootstrapper : Context refreshed
2020-10-01 17:25:27.941  INFO 3481 --- [main] d.s.w.p.DocumentationPluginsBootstrapper : Found 1 custom documentation plugin(s)
2020-10-01 17:25:28.067  INFO 3481 --- [main] s.d.s.w.s.ApiListingReferenceScanner     : Scanning for api listing references
2020-10-01 17:25:29.503  INFO 3481 --- [main] o.s.b.w.embedded.tomcat.TomcatWebServer  : Tomcat started on port(s): 9221 (http) with context path ''
2020-10-01 17:25:29.528  INFO 3481 --- [main] c.h.a.c.CustomScannersServiceApplication : Started CustomScannersServiceApplication in 18.006 seconds (JVM running for 22.908)
2020-10-01 17:25:30.025  INFO 3481 --- [http-nio-9221-exec-1] o.a.c.c.C.[Tomcat].[localhost].[/]       : Initializing Spring DispatcherServlet 'dispatcherServlet'
2020-10-01 17:25:30.029  INFO 3481 --- [http-nio-9221-exec-1] o.s.web.servlet.DispatcherServlet        : Initializing Servlet 'dispatcherServlet'
2020-10-01 17:25:30.029 DEBUG 3481 --- [http-nio-9221-exec-1] o.s.web.servlet.DispatcherServlet        : Detected StandardServletMultipartResolver
2020-10-01 17:25:30.061 DEBUG 3481 --- [http-nio-9221-exec-1] o.s.web.servlet.DispatcherServlet        : enableLoggingRequestDetails='false': request parameters and headers will be masked to prevent unsafe logging of potentially sensitive data
2020-10-01 17:25:30.062  INFO 3481 --- [http-nio-9221-exec-1] o.s.web.servlet.DispatcherServlet        : Completed initialization in 33 ms
2020-10-01 17:25:30.107 DEBUG 3481 --- [http-nio-9221-exec-1] o.s.web.servlet.DispatcherServlet        : GET "/v1/scanRules", parameters={}
2020-10-01 17:25:30.126 DEBUG 3481 --- [http-nio-9221-exec-1] s.w.s.m.m.a.RequestMappingHandlerMapping : Mapped to com.hcl.appscan.customscannersservice.controller.CustomScannersController#getScanRules(String[])
2020-10-01 17:25:30.185 DEBUG 3481 --- [http-nio-9221-exec-1] o.s.w.s.m.m.a.HttpEntityMethodProcessor  : Using 'application/json', given [application/json] and supported [application/json]
2020-10-01 17:25:30.205 DEBUG 3481 --- [http-nio-9221-exec-1] o.s.w.s.m.m.a.HttpEntityMethodProcessor  : Writing [{Golang={com.ouncelabs.languagelite.golang.rules.WeakCryptoGolang=CustomScannersServiceScanRule{rule (truncated)...]
2020-10-01 17:25:30.412 DEBUG 3481 --- [http-nio-9221-exec-1] o.s.web.servlet.DispatcherServlet        : Completed 200 OK
2020-10-01 17:27:09.719 DEBUG 3481 --- [http-nio-9221-exec-2] o.s.web.servlet.DispatcherServlet        : POST "/v1/scanFile", parameters={masked}
2020-10-01 17:27:09.728 DEBUG 3481 --- [http-nio-9221-exec-2] s.w.s.m.m.a.RequestMappingHandlerMapping : Mapped to com.hcl.appscan.customscannersservice.controller.CustomScannersController#runScanFile(MultipartFile, String, int[])
2020-10-01 17:27:09.788 DEBUG 3481 --- [http-nio-9221-exec-2] .m.m.a.ExceptionHandlerExceptionResolver : Using @ExceptionHandler com.hcl.appscan.customscannersservice.controller.CustomScannersControllerAdvice#handleInvalidArgument(IllegalArgumentException)
2020-10-01 17:27:09.801 DEBUG 3481 --- [http-nio-9221-exec-2] o.s.w.s.m.m.a.HttpEntityMethodProcessor  : Using 'application/json', given [application/json] and supported [application/json, application/*+json, application/json, application/*+json]
2020-10-01 17:27:09.803 DEBUG 3481 --- [http-nio-9221-exec-2] o.s.w.s.m.m.a.HttpEntityMethodProcessor  : Writing [com.hcl.appscan.customscannersservice.controller.CustomScannersControllerAdvice$ErrorMessage@2feaf0f (truncated)...]
2020-10-01 17:27:09.811 DEBUG 3481 --- [http-nio-9221-exec-2] .m.m.a.ExceptionHandlerExceptionResolver : Resolved [java.lang.IllegalArgumentException: The following file extension is not supported: md]
2020-10-01 17:27:09.811 DEBUG 3481 --- [http-nio-9221-exec-2] o.s.web.servlet.DispatcherServlet        : Completed 422 UNPROCESSABLE_ENTITY
